<?xml version="1.0" encoding="UTF-8"?>
<coverage generated="1523376219371" clover="3.2.0">
  <project timestamp="1523376219371" name="All files">
    <metrics statements="46" coveredstatements="19" conditionals="4" coveredconditionals="0" methods="15" coveredmethods="5" elements="65" coveredelements="24" complexity="0" loc="46" ncloc="46" packages="4" files="6" classes="6">
      <package name="root">
        <metrics statements="3" coveredstatements="0" conditionals="0" coveredconditionals="0" methods="1" coveredmethods="0"/>
        <file name="unknown" path="unknown">
          <metrics statements="3" coveredstatements="0" conditionals="0" coveredconditionals="0" methods="1" coveredmethods="0"/>
          <line num="10" count="0" type="stmt"/>
          <line num="15" count="0" type="stmt"/>
          <line num="21" count="0" type="stmt"/>
        </file>
      </package>
      <package name="root.home.dylan.dev.devs101.src">
        <metrics statements="33" coveredstatements="11" conditionals="4" coveredconditionals="0" methods="10" coveredmethods="2"/>
        <file name="App.vue" path="/home/dylan/dev/devs101/src/App.vue">
          <metrics statements="13" coveredstatements="0" conditionals="4" coveredconditionals="0" methods="3" coveredmethods="0"/>
          <line num="113" count="0" type="stmt"/>
          <line num="117" count="0" type="stmt"/>
          <line num="118" count="0" type="stmt"/>
          <line num="119" count="0" type="cond" truecount="0" falsecount="4"/>
          <line num="120" count="0" type="stmt"/>
          <line num="121" count="0" type="stmt"/>
          <line num="122" count="0" type="stmt"/>
          <line num="127" count="0" type="stmt"/>
          <line num="128" count="0" type="stmt"/>
          <line num="167" count="0" type="stmt"/>
          <line num="168" count="0" type="stmt"/>
          <line num="169" count="0" type="stmt"/>
          <line num="170" count="0" type="stmt"/>
        </file>
        <file name="tree.js" path="/home/dylan/dev/devs101/src/tree.js">
          <metrics statements="20" coveredstatements="11" conditionals="0" coveredconditionals="0" methods="7" coveredmethods="2"/>
          <line num="5" count="3" type="stmt"/>
          <line num="9" count="3" type="stmt"/>
          <line num="12" count="4" type="stmt"/>
          <line num="36" count="4" type="stmt"/>
          <line num="40" count="9" type="stmt"/>
          <line num="41" count="6" type="stmt"/>
          <line num="42" count="3" type="stmt"/>
          <line num="48" count="3" type="stmt"/>
          <line num="49" count="3" type="stmt"/>
          <line num="50" count="6" type="stmt"/>
          <line num="51" count="3" type="stmt"/>
          <line num="56" count="0" type="stmt"/>
          <line num="63" count="0" type="stmt"/>
          <line num="70" count="0" type="stmt"/>
          <line num="77" count="0" type="stmt"/>
          <line num="78" count="0" type="stmt"/>
          <line num="79" count="0" type="stmt"/>
          <line num="87" count="0" type="stmt"/>
          <line num="88" count="0" type="stmt"/>
          <line num="89" count="0" type="stmt"/>
        </file>
      </package>
      <package name="root.home.dylan.dev.devs101.src.components">
        <metrics statements="9" coveredstatements="7" conditionals="0" coveredconditionals="0" methods="4" coveredmethods="3"/>
        <file name="HelloWorld.vue" path="/home/dylan/dev/devs101/src/components/HelloWorld.vue">
          <metrics statements="2" coveredstatements="2" conditionals="0" coveredconditionals="0" methods="1" coveredmethods="1"/>
          <line num="37" count="1" type="stmt"/>
          <line num="38" count="1" type="stmt"/>
        </file>
        <file name="skilltree.vue" path="/home/dylan/dev/devs101/src/components/skilltree.vue">
          <metrics statements="7" coveredstatements="5" conditionals="0" coveredconditionals="0" methods="3" coveredmethods="2"/>
          <line num="7" count="2" type="stmt"/>
          <line num="9" count="1" type="stmt"/>
          <line num="10" count="1" type="stmt"/>
          <line num="14" count="1" type="stmt"/>
          <line num="15" count="1" type="stmt"/>
          <line num="20" count="0" type="stmt"/>
          <line num="21" count="0" type="stmt"/>
        </file>
      </package>
      <package name="root.home.dylan.dev.devs101.src.router">
        <metrics statements="1" coveredstatements="1" conditionals="0" coveredconditionals="0" methods="0" coveredmethods="0"/>
        <file name="index.js" path="/home/dylan/dev/devs101/src/router/index.js">
          <metrics statements="1" coveredstatements="1" conditionals="0" coveredconditionals="0" methods="0" coveredmethods="0"/>
          <line num="6" count="2" type="stmt"/>
        </file>
      </package>
    </metrics>
  </project>
</coverage>
