{"unknown": {"path":"unknown","statementMap":{"0":{"start":{"line":38,"column":2},"end":{"line":41,"column":3}}},"fnMap":{},"branchMap":{},"s":{"0":0,"1":null,"2":null},"f":{"0":null},"b":{},"_coverageSchema":"332fd63041d2c1bcb487cc26dd0d5f7d97098a6c","hash":"a42ed3cfa796995e9892eb3a1e4a7e88cfde1f40"}
,"/home/dylan/dev/devs101/src/App.vue": {"path":"/home/dylan/dev/devs101/src/App.vue","statementMap":{"0":{"start":{"line":113,"column":0},"end":{"line":null,"column":-1}},"1":{"start":{"line":117,"column":0},"end":{"line":null,"column":-1}},"2":{"start":{"line":118,"column":0},"end":{"line":null,"column":-1}},"3":{"start":{"line":119,"column":0},"end":{"line":null,"column":-1}},"4":{"start":{"line":120,"column":0},"end":{"line":null,"column":-1}},"5":{"start":{"line":121,"column":0},"end":{"line":null,"column":-1}},"6":{"start":{"line":122,"column":0},"end":{"line":null,"column":-1}},"7":{"start":{"line":127,"column":0},"end":{"line":null,"column":-1}},"8":{"start":{"line":128,"column":0},"end":{"line":null,"column":-1}},"9":{"start":{"line":167,"column":0},"end":{"line":null,"column":-1}},"10":{"start":{"line":168,"column":0},"end":{"line":null,"column":-1}},"11":{"start":{"line":169,"column":0},"end":{"line":null,"column":-1}},"12":{"start":{"line":170,"column":0},"end":{"line":null,"column":-1}}},"fnMap":{"0":{"name":"activeFab","decl":{"start":{"line":117,"column":0},"end":{"line":null,"column":-1}},"loc":{"start":{"line":117,"column":0},"end":{"line":124,"column":0}}},"1":{"name":"data","decl":{"start":{"line":126,"column":0},"end":{"line":null,"column":-1}},"loc":{"start":{"line":126,"column":0},"end":{"line":162,"column":0}}},"2":{"name":"addIndirectNode","decl":{"start":{"line":166,"column":0},"end":{"line":null,"column":-1}},"loc":{"start":{"line":166,"column":0},"end":{"line":171,"column":0}}}},"branchMap":{"0":{"loc":{"start":{"line":119,"column":0},"end":{"line":null,"column":-1}},"type":"switch","locations":[{"start":{"line":119,"column":0},"end":{"line":null,"column":-1}},{"start":{"line":120,"column":0},"end":{"line":null,"column":-1}},{"start":{"line":121,"column":0},"end":{"line":null,"column":-1}},{"start":{"line":122,"column":0},"end":{"line":null,"column":-1}}]}},"s":{"0":0,"1":0,"2":0,"3":0,"4":0,"5":0,"6":0,"7":0,"8":0,"9":0,"10":0,"11":0,"12":0},"f":{"0":0,"1":0,"2":0},"b":{"0":[0,0,0,0]}}
,"/home/dylan/dev/devs101/src/tree.js": {"path":"/home/dylan/dev/devs101/src/tree.js","statementMap":{"0":{"start":{"line":5,"column":18},"end":{"line":8,"column":1}},"1":{"start":{"line":9,"column":16},"end":{"line":9,"column":17}},"2":{"start":{"line":12,"column":1},"end":{"line":35,"column":4}},"3":{"start":{"line":36,"column":1},"end":{"line":36,"column":15}},"4":{"start":{"line":40,"column":10},"end":{"line":40,"column":21}},"5":{"start":{"line":41,"column":12},"end":{"line":41,"column":43}},"6":{"start":{"line":42,"column":1},"end":{"line":46,"column":4}},"7":{"start":{"line":48,"column":11},"end":{"line":48,"column":13}},"8":{"start":{"line":49,"column":1},"end":{"line":50,"column":66}},"9":{"start":{"line":50,"column":2},"end":{"line":50,"column":66}},"10":{"start":{"line":51,"column":1},"end":{"line":51,"column":12}},"11":{"start":{"line":56,"column":1},"end":{"line":59,"column":10}},"12":{"start":{"line":63,"column":1},"end":{"line":66,"column":10}},"13":{"start":{"line":70,"column":1},"end":{"line":73,"column":10}},"14":{"start":{"line":77,"column":10},"end":{"line":77,"column":24}},"15":{"start":{"line":78,"column":1},"end":{"line":78,"column":55}},"16":{"start":{"line":79,"column":1},"end":{"line":82,"column":4}},"17":{"start":{"line":87,"column":1},"end":{"line":87,"column":14}},"18":{"start":{"line":88,"column":1},"end":{"line":88,"column":17}},"19":{"start":{"line":89,"column":1},"end":{"line":89,"column":15}}},"fnMap":{"0":{"name":"initialize","decl":{"start":{"line":10,"column":16},"end":{"line":10,"column":26}},"loc":{"start":{"line":11,"column":0},"end":{"line":37,"column":1}},"line":11},"1":{"name":"addNode","decl":{"start":{"line":38,"column":16},"end":{"line":38,"column":23}},"loc":{"start":{"line":39,"column":0},"end":{"line":52,"column":1}},"line":39},"2":{"name":"randomLayout","decl":{"start":{"line":54,"column":16},"end":{"line":54,"column":28}},"loc":{"start":{"line":55,"column":0},"end":{"line":60,"column":1}},"line":55},"3":{"name":"coseLayout","decl":{"start":{"line":61,"column":16},"end":{"line":61,"column":26}},"loc":{"start":{"line":62,"column":0},"end":{"line":67,"column":1}},"line":62},"4":{"name":"presetLayout","decl":{"start":{"line":68,"column":16},"end":{"line":68,"column":28}},"loc":{"start":{"line":69,"column":0},"end":{"line":74,"column":1}},"line":69},"5":{"name":"addEdge","decl":{"start":{"line":75,"column":16},"end":{"line":75,"column":23}},"loc":{"start":{"line":76,"column":0},"end":{"line":83,"column":1}},"line":76},"6":{"name":"clean","decl":{"start":{"line":85,"column":16},"end":{"line":85,"column":21}},"loc":{"start":{"line":86,"column":0},"end":{"line":90,"column":1}},"line":86}},"branchMap":{},"s":{"0":2,"1":2,"2":1,"3":1,"4":3,"5":3,"6":3,"7":3,"8":3,"9":6,"10":3,"11":0,"12":0,"13":0,"14":0,"15":0,"16":0,"17":1,"18":1,"19":1},"f":{"0":1,"1":3,"2":0,"3":0,"4":0,"5":0,"6":1},"b":{},"_coverageSchema":"332fd63041d2c1bcb487cc26dd0d5f7d97098a6c","hash":"dbeca3946388409b2c989d44803c420214426ec3"}
,"/home/dylan/dev/devs101/src/components/HelloWorld.vue": {"path":"/home/dylan/dev/devs101/src/components/HelloWorld.vue","statementMap":{"0":{"start":{"line":37,"column":0},"end":{"line":null,"column":-1}},"1":{"start":{"line":38,"column":0},"end":{"line":null,"column":-1}}},"fnMap":{"0":{"name":"data","decl":{"start":{"line":37,"column":0},"end":{"line":null,"column":-1}},"loc":{"start":{"line":37,"column":0},"end":{"line":42,"column":0}}}},"branchMap":{},"s":{"0":1,"1":1},"f":{"0":1},"b":{}}
,"/home/dylan/dev/devs101/src/components/skilltree.vue": {"path":"/home/dylan/dev/devs101/src/components/skilltree.vue","statementMap":{"0":{"start":{"line":7,"column":0},"end":{"line":null,"column":-1}},"1":{"start":{"line":9,"column":0},"end":{"line":null,"column":-1}},"2":{"start":{"line":10,"column":0},"end":{"line":null,"column":-1}},"3":{"start":{"line":14,"column":0},"end":{"line":null,"column":-1}},"4":{"start":{"line":15,"column":0},"end":{"line":null,"column":-1}},"5":{"start":{"line":20,"column":0},"end":{"line":null,"column":-1}},"6":{"start":{"line":21,"column":0},"end":{"line":null,"column":-1}}},"fnMap":{"0":{"name":"data","decl":{"start":{"line":9,"column":0},"end":{"line":null,"column":-1}},"loc":{"start":{"line":9,"column":0},"end":{"line":12,"column":0}}},"1":{"name":"mounted","decl":{"start":{"line":13,"column":0},"end":{"line":null,"column":-1}},"loc":{"start":{"line":13,"column":0},"end":{"line":16,"column":0}}},"2":{"name":"addNodeWrapper","decl":{"start":{"line":19,"column":0},"end":{"line":null,"column":-1}},"loc":{"start":{"line":19,"column":0},"end":{"line":22,"column":0}}}},"branchMap":{},"s":{"0":2,"1":1,"2":1,"3":1,"4":1,"5":0,"6":0},"f":{"0":1,"1":1,"2":0},"b":{}}
}
