{"unknown": {"path":"unknown","statementMap":{"0":{"start":{"line":10,"column":2},"end":{"line":11,"column":3}},"1":{"start":{"line":14,"column":2},"end":{"line":14,"column":33}},"2":{"start":{"line":15,"column":2},"end":{"line":15,"column":17}},"3":{"start":{"line":16,"column":2},"end":{"line":16,"column":17}},"4":{"start":{"line":17,"column":2},"end":{"line":17,"column":17}},"5":{"start":{"line":18,"column":2},"end":{"line":18,"column":17}},"6":{"start":{"line":19,"column":2},"end":{"line":19,"column":61}},"7":{"start":{"line":20,"column":2},"end":{"line":20,"column":61}},"8":{"start":{"line":21,"column":2},"end":{"line":21,"column":22}}},"fnMap":{},"branchMap":{},"s":{"0":0,"1":0,"2":0,"3":0,"4":0,"5":0,"6":0,"7":0,"8":0},"f":{},"b":{},"_coverageSchema":"332fd63041d2c1bcb487cc26dd0d5f7d97098a6c","hash":"a974bd2a3d445d55075fb1d789a8fbef90ce2a2b"}
,"/home/dylan/dev/devs101/src/App.vue": {"path":"/home/dylan/dev/devs101/src/App.vue","statementMap":{"0":{"start":{"line":92,"column":0},"end":{"line":null,"column":-1}},"1":{"start":{"line":96,"column":0},"end":{"line":null,"column":-1}},"2":{"start":{"line":97,"column":0},"end":{"line":null,"column":-1}},"3":{"start":{"line":98,"column":0},"end":{"line":null,"column":-1}},"4":{"start":{"line":99,"column":0},"end":{"line":null,"column":-1}},"5":{"start":{"line":100,"column":0},"end":{"line":null,"column":-1}},"6":{"start":{"line":101,"column":0},"end":{"line":null,"column":-1}},"7":{"start":{"line":105,"column":0},"end":{"line":null,"column":-1}},"8":{"start":{"line":106,"column":0},"end":{"line":null,"column":-1}}},"fnMap":{"0":{"name":"activeFab","decl":{"start":{"line":96,"column":0},"end":{"line":null,"column":-1}},"loc":{"start":{"line":96,"column":0},"end":{"line":103,"column":0}}},"1":{"name":"data","decl":{"start":{"line":105,"column":0},"end":{"line":null,"column":-1}},"loc":{"start":{"line":105,"column":0},"end":{"line":136,"column":0}}}},"branchMap":{"0":{"loc":{"start":{"line":98,"column":0},"end":{"line":null,"column":-1}},"type":"switch","locations":[{"start":{"line":98,"column":0},"end":{"line":null,"column":-1}},{"start":{"line":99,"column":0},"end":{"line":null,"column":-1}},{"start":{"line":100,"column":0},"end":{"line":null,"column":-1}},{"start":{"line":101,"column":0},"end":{"line":null,"column":-1}}]}},"s":{"0":0,"1":0,"2":0,"3":0,"4":0,"5":0,"6":0,"7":0,"8":0},"f":{"0":0,"1":0},"b":{"0":[0,0,0,0]}}
,"/home/dylan/dev/devs101/src/tree.js": {"path":"/home/dylan/dev/devs101/src/tree.js","statementMap":{"0":{"start":{"line":5,"column":18},"end":{"line":8,"column":1}},"1":{"start":{"line":9,"column":16},"end":{"line":9,"column":17}},"2":{"start":{"line":12,"column":1},"end":{"line":35,"column":4}},"3":{"start":{"line":39,"column":10},"end":{"line":39,"column":21}},"4":{"start":{"line":40,"column":1},"end":{"line":44,"column":4}},"5":{"start":{"line":48,"column":1},"end":{"line":51,"column":10}},"6":{"start":{"line":55,"column":10},"end":{"line":55,"column":24}},"7":{"start":{"line":56,"column":1},"end":{"line":56,"column":55}},"8":{"start":{"line":57,"column":1},"end":{"line":60,"column":4}}},"fnMap":{"0":{"name":"initialize","decl":{"start":{"line":10,"column":16},"end":{"line":10,"column":26}},"loc":{"start":{"line":11,"column":0},"end":{"line":36,"column":1}},"line":11},"1":{"name":"addNode","decl":{"start":{"line":37,"column":16},"end":{"line":37,"column":23}},"loc":{"start":{"line":38,"column":0},"end":{"line":45,"column":1}},"line":38},"2":{"name":"randomLayout","decl":{"start":{"line":46,"column":16},"end":{"line":46,"column":28}},"loc":{"start":{"line":47,"column":0},"end":{"line":52,"column":1}},"line":47},"3":{"name":"addEdge","decl":{"start":{"line":53,"column":16},"end":{"line":53,"column":23}},"loc":{"start":{"line":54,"column":0},"end":{"line":61,"column":1}},"line":54}},"branchMap":{},"s":{"0":1,"1":1,"2":0,"3":0,"4":0,"5":0,"6":0,"7":0,"8":0},"f":{"0":0,"1":0,"2":0,"3":0},"b":{},"_coverageSchema":"332fd63041d2c1bcb487cc26dd0d5f7d97098a6c","hash":"a00bd7b1dd669e381dcd3a562bbc36214c5b70ae"}
,"/home/dylan/dev/devs101/src/components/HelloWorld.vue": {"path":"/home/dylan/dev/devs101/src/components/HelloWorld.vue","statementMap":{"0":{"start":{"line":37,"column":0},"end":{"line":null,"column":-1}},"1":{"start":{"line":38,"column":0},"end":{"line":null,"column":-1}}},"fnMap":{"0":{"name":"data","decl":{"start":{"line":37,"column":0},"end":{"line":null,"column":-1}},"loc":{"start":{"line":37,"column":0},"end":{"line":42,"column":0}}}},"branchMap":{},"s":{"0":1,"1":1},"f":{"0":1},"b":{}}
,"/home/dylan/dev/devs101/src/components/skilltree.vue": {"path":"/home/dylan/dev/devs101/src/components/skilltree.vue","statementMap":{"0":{"start":{"line":7,"column":0},"end":{"line":null,"column":-1}},"1":{"start":{"line":9,"column":0},"end":{"line":null,"column":-1}},"2":{"start":{"line":10,"column":0},"end":{"line":null,"column":-1}},"3":{"start":{"line":13,"column":0},"end":{"line":null,"column":-1}},"4":{"start":{"line":14,"column":0},"end":{"line":null,"column":-1}},"5":{"start":{"line":15,"column":0},"end":{"line":null,"column":-1}},"6":{"start":{"line":16,"column":0},"end":{"line":null,"column":-1}},"7":{"start":{"line":17,"column":0},"end":{"line":null,"column":-1}},"8":{"start":{"line":18,"column":0},"end":{"line":null,"column":-1}},"9":{"start":{"line":19,"column":0},"end":{"line":null,"column":-1}},"10":{"start":{"line":20,"column":0},"end":{"line":null,"column":-1}},"11":{"start":{"line":21,"column":0},"end":{"line":null,"column":-1}}},"fnMap":{"0":{"name":"data","decl":{"start":{"line":9,"column":0},"end":{"line":null,"column":-1}},"loc":{"start":{"line":9,"column":0},"end":{"line":12,"column":0}}},"1":{"name":"mounted","decl":{"start":{"line":13,"column":0},"end":{"line":null,"column":-1}},"loc":{"start":{"line":13,"column":0},"end":{"line":22,"column":0}}}},"branchMap":{},"s":{"0":1,"1":0,"2":0,"3":0,"4":0,"5":0,"6":0,"7":0,"8":0,"9":0,"10":0,"11":0},"f":{"0":0,"1":0},"b":{}}
,"/home/dylan/dev/devs101/src/router/index.js": {"path":"/home/dylan/dev/devs101/src/router/index.js","statementMap":{"0":{"start":{"line":6,"column":0},"end":{"line":6,"column":15}}},"fnMap":{},"branchMap":{},"s":{"0":1},"f":{},"b":{},"_coverageSchema":"332fd63041d2c1bcb487cc26dd0d5f7d97098a6c","hash":"4dc1379bee5cdedab291fb4c74c3638779b8d9a9"}
}
