TN:
SF:unknown
FNF:0
FNH:0
DA:10,0
DA:14,0
DA:15,0
DA:16,0
DA:17,0
DA:18,0
DA:19,0
DA:20,0
DA:21,0
LF:9
LH:0
BRF:0
BRH:0
end_of_record
TN:
SF:/home/dylan/dev/devs101/src/App.vue
FN:96,activeFab
FN:105,data
FNF:2
FNH:0
FNDA:0,activeFab
FNDA:0,data
DA:92,0
DA:96,0
DA:97,0
DA:98,0
DA:99,0
DA:100,0
DA:101,0
DA:105,0
DA:106,0
LF:9
LH:0
BRDA:98,0,0,0
BRDA:98,0,1,0
BRDA:98,0,2,0
BRDA:98,0,3,0
BRF:4
BRH:0
end_of_record
TN:
SF:/home/dylan/dev/devs101/src/tree.js
FN:10,initialize
FN:37,addNode
FN:46,randomLayout
FN:53,addEdge
FNF:4
FNH:0
FNDA:0,initialize
FNDA:0,addNode
FNDA:0,randomLayout
FNDA:0,addEdge
DA:5,1
DA:9,1
DA:12,0
DA:39,0
DA:40,0
DA:48,0
DA:55,0
DA:56,0
DA:57,0
LF:9
LH:2
BRF:0
BRH:0
end_of_record
TN:
SF:/home/dylan/dev/devs101/src/components/HelloWorld.vue
FN:37,data
FNF:1
FNH:1
FNDA:1,data
DA:37,1
DA:38,1
LF:2
LH:2
BRF:0
BRH:0
end_of_record
TN:
SF:/home/dylan/dev/devs101/src/components/skilltree.vue
FN:9,data
FN:13,mounted
FNF:2
FNH:0
FNDA:0,data
FNDA:0,mounted
DA:7,1
DA:9,0
DA:10,0
DA:13,0
DA:14,0
DA:15,0
DA:16,0
DA:17,0
DA:18,0
DA:19,0
DA:20,0
DA:21,0
LF:12
LH:1
BRF:0
BRH:0
end_of_record
TN:
SF:/home/dylan/dev/devs101/src/router/index.js
FNF:0
FNH:0
DA:6,1
LF:1
LH:1
BRF:0
BRH:0
end_of_record
